751346

14.95
648780
1111656
14.95
392541

14.95
468181
1111694
14.95
Successful.
I00001
325409
1111697
14.95
The 'AnetApi/xml/v1/schema/AnetApiSchema.xsd:subscriptionId' element is invalid - The value '' is invalid according to its datatype 'AnetApi/xml/v1/schema/AnetApiSchema.xsd:numericString' - The Pattern constraint failed.
E00003
Successful.
I00001
Successful.
I00001
997465
1137515
59.95
637270
1141954
14.95
Successful.
I00001
Successful.
I00001
Successful.
I00001
Successful.
I00001
Successful.
I00001
Successful.
I00001
Successful.
I00001
Successful.
I00001
Successful.
I00001
Successful.
I00001
Successful.
I00001
Successful.
I00001
Successful.
I00001
The 'AnetApi/xml/v1/schema/AnetApiSchema.xsd:subscriptionId' element is invalid - The value '' is invalid according to its datatype 'AnetApi/xml/v1/schema/AnetApiSchema.xsd:numericString' - The Pattern constraint failed.
E00003
The 'AnetApi/xml/v1/schema/AnetApiSchema.xsd:subscriptionId' element is invalid - The value '' is invalid according to its datatype 'AnetApi/xml/v1/schema/AnetApiSchema.xsd:numericString' - The Pattern constraint failed.
E00003
Successful.
I00001
Successful.
I00001
Successful.
I00001
Successful.
I00001
Successful.
I00001
Successful.
I00001
Successful.
I00001
Successful.
I00001
Successful.
I00001
Successful.
I00001
Successful.
I00001
Successful.
I00001
Successful.
I00001
Successful.
I00001
Successful.
I00001
Successful.
I00001
1141954

1141954

Successful.
I00001
1141954

The 'AnetApi/xml/v1/schema/AnetApiSchema.xsd:subscriptionId' element is invalid - The value '' is invalid according to its datatype 'AnetApi/xml/v1/schema/AnetApiSchema.xsd:numericString' - The Pattern constraint failed.
E00003
The 'AnetApi/xml/v1/schema/AnetApiSchema.xsd:subscriptionId' element is invalid - The value '' is invalid according to its datatype 'AnetApi/xml/v1/schema/AnetApiSchema.xsd:numericString' - The Pattern constraint failed.
E00003
Successful.
I00001
Successful.
I00001
Successful.
I00001
Successful.
I00001
Successful.
I00001
Successful.
I00001
Successful.
I00001
Successful.
I00001
Successful.
I00001
Successful.
I00001
Successful.
I00001
Successful.
I00001
Successful.
I00001
Successful.
I00001
The 'AnetApi/xml/v1/schema/AnetApiSchema.xsd:subscriptionId' element is invalid - The value '' is invalid according to its datatype 'AnetApi/xml/v1/schema/AnetApiSchema.xsd:numericString' - The Pattern constraint failed.
E00003
The 'AnetApi/xml/v1/schema/AnetApiSchema.xsd:subscriptionId' element is invalid - The value '' is invalid according to its datatype 'AnetApi/xml/v1/schema/AnetApiSchema.xsd:numericString' - The Pattern constraint failed.
E00003
Successful.
I00001
The element 'ARBUpdateSubscriptionRequest' in namespace 'AnetApi/xml/v1/schema/AnetApiSchema.xsd' has invalid child element 'amount' in namespace 'AnetApi/xml/v1/schema/AnetApiSchema.xsd'. List of possible elements expected: 'refId, subscriptionId' in namespace 'AnetApi/xml/v1/schema/AnetApiSchema.xsd'.
E00003
The element 'subscription' in namespace 'AnetApi/xml/v1/schema/AnetApiSchema.xsd' has invalid child element 'amount' in namespace 'AnetApi/xml/v1/schema/AnetApiSchema.xsd'. List of possible elements expected: 'order, customer, billTo, shipTo' in namespace 'AnetApi/xml/v1/schema/AnetApiSchema.xsd'.
E00003
The element 'ARBUpdateSubscriptionRequest' in namespace 'AnetApi/xml/v1/schema/AnetApiSchema.xsd' has invalid child element 'amount' in namespace 'AnetApi/xml/v1/schema/AnetApiSchema.xsd'. List of possible elements expected: 'refId, subscriptionId' in namespace 'AnetApi/xml/v1/schema/AnetApiSchema.xsd'.
E00003
The element 'ARBUpdateSubscriptionRequest' in namespace 'AnetApi/xml/v1/schema/AnetApiSchema.xsd' has invalid child element 'amount' in namespace 'AnetApi/xml/v1/schema/AnetApiSchema.xsd'. List of possible elements expected: 'refId, subscriptionId' in namespace 'AnetApi/xml/v1/schema/AnetApiSchema.xsd'.
E00003
The element 'payment' in namespace 'AnetApi/xml/v1/schema/AnetApiSchema.xsd' has invalid child element 'amount' in namespace 'AnetApi/xml/v1/schema/AnetApiSchema.xsd'.
E00003
The element 'merchantAuthentication' in namespace 'AnetApi/xml/v1/schema/AnetApiSchema.xsd' has invalid child element 'amount' in namespace 'AnetApi/xml/v1/schema/AnetApiSchema.xsd'. List of possible elements expected: 'name, transactionKey, sessionToken, password' in namespace 'AnetApi/xml/v1/schema/AnetApiSchema.xsd'.
E00003
The element 'ARBUpdateSubscriptionRequest' in namespace 'AnetApi/xml/v1/schema/AnetApiSchema.xsd' has invalid child element 'amount' in namespace 'AnetApi/xml/v1/schema/AnetApiSchema.xsd'. List of possible elements expected: 'refId, subscriptionId' in namespace 'AnetApi/xml/v1/schema/AnetApiSchema.xsd'.
E00003
The element 'ARBUpdateSubscriptionRequest' in namespace 'AnetApi/xml/v1/schema/AnetApiSchema.xsd' has invalid child element 'amount' in namespace 'AnetApi/xml/v1/schema/AnetApiSchema.xsd'. List of possible elements expected: 'subscription' in namespace 'AnetApi/xml/v1/schema/AnetApiSchema.xsd'.
E00003
Credit Card Number is invalid.
E00013
661508
1143283
6.95
The 'AnetApi/xml/v1/schema/AnetApiSchema.xsd:cardNumber' element is invalid - The value '4.00700000003E+12' is invalid according to its datatype 'String' - The actual length is greater than the MaxLength value.
E00003
Successful.
I00001
The 'AnetApi/xml/v1/schema/AnetApiSchema.xsd:subscriptionId' element is invalid - The value '' is invalid according to its datatype 'AnetApi/xml/v1/schema/AnetApiSchema.xsd:numericString' - The Pattern constraint failed.
E00003
The 'AnetApi/xml/v1/schema/AnetApiSchema.xsd:subscriptionId' element is invalid - The value '' is invalid according to its datatype 'AnetApi/xml/v1/schema/AnetApiSchema.xsd:numericString' - The Pattern constraint failed.
E00003
The 'AnetApi/xml/v1/schema/AnetApiSchema.xsd:subscriptionId' element is invalid - The value '' is invalid according to its datatype 'AnetApi/xml/v1/schema/AnetApiSchema.xsd:numericString' - The Pattern constraint failed.
E00003
Successful.
I00001
Successful.
I00001
Successful.
I00001
Successful.
I00001
Successful.
I00001
Successful.
I00001
Successful.
I00001
The 'AnetApi/xml/v1/schema/AnetApiSchema.xsd:subscriptionId' element is invalid - The value '' is invalid according to its datatype 'AnetApi/xml/v1/schema/AnetApiSchema.xsd:numericString' - The Pattern constraint failed.
E00003
215120

6.95
369942

6.95
767954

6.95
510936
1150708
6.95
584377

6.95
788062
10781002
6.95





0.01
023423000

0.01
023423000

0.01
023423000

0.01
423397

0.01
863576
10887392
0.01
400610

6.95
870312

6.95
739390

6.95
925196
10887843
6.95
143837

6.95
880125
10988559
6.95
The subscription cannot be found.
E00035
The subscription cannot be found.
E00035
The subscription cannot be found.
E00035
The subscription cannot be found.
E00035
The subscription cannot be found.
E00035
The subscription cannot be found.
E00035
The subscription cannot be found.
E00035
The subscription cannot be found.
E00035
The subscription cannot be found.
E00035
User authentication failed due to invalid authentication values.
E00007
User authentication failed due to invalid authentication values.
E00007
User authentication failed due to invalid authentication values.
E00007
Successful.
I00001
Successful.
I00001
Successful.
I00001
Successful.
I00001
Successful.
I00001
Successful.
I00001
Successful.
I00001
Successful.
I00001
Successful.
I00001
Successful.
I00001
Successful.
I00001
Successful.
I00001


-143.05


-143.05


-143.05


-143.05


-143.05


-143.05
639671
11001365
0.45
697764

0.45
739059

0.45
668705

0.45
332184

0.45
416431

0.45
920929

0.45
688948
11001566
0.45
831680
11001654
0.45
Successful.
I00001
122050
11002427
0.45
Successful.
I00001
Successful.
I00001
Successful.
I00001
Successful.
I00001
Successful.
I00001
248404
11009813
0.45
763048
11016413
2
Successful.
I00001
Successful.
I00001
Successful.
I00001
Successful.
I00001
Successful.
I00001
Successful.
I00001
Successful.
I00001
Successful.
I00001
Successful.
I00001
Successful.
I00001
Successful.
I00001
Successful.
I00001
Successful.
I00001
Successful.
I00001
Successful.
I00001
Successful.
I00001
Successful.
I00001
Successful.
I00001
Successful.
I00001
Successful.
I00001
Successful.
I00001
Successful.
I00001
Successful.
I00001
Successful.
I00001
Successful.
I00001
Successful.
I00001
Successful.
I00001
977041

6.95
307591

6.95
Successful.
I00001
Successful.
I00001
Successful.
I00001
Successful.
I00001
Successful.
I00001
Successful.
I00001
Successful.
I00001
Successful.
I00001
Successful.
I00001
Successful.
I00001
Successful.
I00001
Successful.
I00001
Successful.
I00001
Successful.
I00001
Successful.
I00001
Successful.
I00001
Successful.
I00001
Successful.
I00001
Successful.
I00001
Successful.
I00001
Successful.
I00001
Successful.
I00001
User authentication failed. The account or API user is inactive.
E00008
User authentication failed. The account or API user is inactive.
E00008
User authentication failed. The account or API user is inactive.
E00008
